VirtualBox XPCOM Server 4.3.18_Debian r96516 linux.x86 (Mar 14 2015 11:54:39) release log
00:00:00.033642 main     Log opened 2015-05-08T11:24:08.455586000Z
00:00:00.033643 main     Build Type: release
00:00:00.033646 main     OS Product: Linux
00:00:00.033647 main     OS Release: 3.16.0-4-686-pae
00:00:00.033648 main     OS Version: #1 SMP Debian 3.16.7-ckt9-2 (2015-04-13)
00:00:00.033662 main     DMI Product Name: Aspire V3-571G
00:00:00.033668 main     DMI Product Version: V2.21
00:00:00.033845 main     Host RAM: 3936MB total, 2734MB available
00:00:00.033849 main     Executable: /usr/lib/virtualbox/VBoxSVC
00:00:00.033849 main     Process ID: 2968
00:00:00.033850 main     Package type: LINUX_32BITS_GENERIC (OSE)
00:00:00.141429 nspr-2   Loading settings file "/home/maple/.config/VirtualBox/VirtualBox.xml" with version "1.14-linux"
00:00:00.144698 nspr-2   NetIfAdpCtlOut: VBoxNetAdpCtl: Error while retrieving link status for vboxnet0: VBoxNetAdpCtl: ioctl failed: Operation not supported
00:00:00.145220 nspr-2   HostDnsMonitorProxy: Host's DNS information updated:
00:00:00.145230 nspr-2   DNS server 1: 202.202.2.50
00:00:00.145234 nspr-2   DNS server 2: 202.202.0.33
00:00:00.145237 nspr-2   DNS server 3: 202.202.0.34
00:00:00.145270 nspr-2   Failed to open "/dev/vboxdrvu", errno=13, rc=VERR_VM_DRIVER_NOT_ACCESSIBLE
00:00:00.146611 nspr-2   failed to create vboxnet0, error (0x80004005)
00:00:00.147046 nspr-2   VDInit finished
00:00:00.147124 nspr-2   ERROR [COM]: aRC=NS_ERROR_FAILURE (0x80004005) aIID={1254a96a-ae57-4484-946a-22d86c1f98af} aComponent={SystemProperties} aText={Cannot determine default Guest Additions ISO location. Most likely they are not available}, preserve=false
00:00:00.152477 nspr-2   Loading settings file "/home/maple/.Genymobile/Genymotion/deployed/Google Nexus 4 - 5.0.0 - API 21 - 768x1280/Google Nexus 4 - 5.0.0 - API 21 - 768x1280.vbox" with version "1.12-linux"
00:00:00.153625 nspr-2   Loading settings file "/home/maple/.Genymobile/Genymotion/deployed/Google Nexus 4 - 4.3 - API 18 - 768x1280/Google Nexus 4 - 4.3 - API 18 - 768x1280.vbox" with version "1.12-linux"
00:00:00.336785 nspr-3   ERROR [COM]: aRC=VBOX_E_OBJECT_NOT_FOUND (0x80bb0001) aIID={480cf695-2d8d-4256-9c7c-cce4184fa048} aComponent={SessionMachine} aText={No storage device attached to device slot 1 on port 1 of controller 'IDEController'}, preserve=false
00:00:00.336969 nspr-2   ERROR [COM]: aRC=VBOX_E_OBJECT_NOT_FOUND (0x80bb0001) aIID={480cf695-2d8d-4256-9c7c-cce4184fa048} aComponent={SessionMachine} aText={No storage device attached to device slot 1 on port 1 of controller 'IDEController'}, preserve=false
00:00:00.342398 nspr-3   WARNING [COM]: aRC=NS_ERROR_FAILURE (0x80004005) aIID={93269330-48ca-4096-b4a2-1189df336267} aComponent={Host} aText={VirtualBox is not currently allowed to access USB devices.  You can change this by adding your user to the 'vboxusers' group.  Please see the user manual for a more detailed explanation}, preserve=true 
00:00:00.342571 nspr-3   WARNING [COM]: aRC=NS_ERROR_FAILURE (0x80004005) aIID={93269330-48ca-4096-b4a2-1189df336267} aComponent={Host} aText={VirtualBox is not currently allowed to access USB devices.  You can change this by adding your user to the 'vboxusers' group.  Please see the user manual for a more detailed explanation}, preserve=true 
00:00:00.377367 nspr-3   ERROR [COM]: aRC=VBOX_E_OBJECT_NOT_FOUND (0x80bb0001) aIID={480cf695-2d8d-4256-9c7c-cce4184fa048} aComponent={SessionMachine} aText={No storage device attached to device slot 1 on port 1 of controller 'IDEController'}, preserve=false
00:00:00.377549 nspr-2   ERROR [COM]: aRC=VBOX_E_OBJECT_NOT_FOUND (0x80bb0001) aIID={480cf695-2d8d-4256-9c7c-cce4184fa048} aComponent={SessionMachine} aText={No storage device attached to device slot 1 on port 1 of controller 'IDEController'}, preserve=false
00:00:00.382979 nspr-3   WARNING [COM]: aRC=NS_ERROR_FAILURE (0x80004005) aIID={93269330-48ca-4096-b4a2-1189df336267} aComponent={Host} aText={VirtualBox is not currently allowed to access USB devices.  You can change this by adding your user to the 'vboxusers' group.  Please see the user manual for a more detailed explanation}, preserve=true 
00:00:00.383165 nspr-3   WARNING [COM]: aRC=NS_ERROR_FAILURE (0x80004005) aIID={93269330-48ca-4096-b4a2-1189df336267} aComponent={Host} aText={VirtualBox is not currently allowed to access USB devices.  You can change this by adding your user to the 'vboxusers' group.  Please see the user manual for a more detailed explanation}, preserve=true 
00:00:00.417295 nspr-3   ERROR [COM]: aRC=VBOX_E_OBJECT_NOT_FOUND (0x80bb0001) aIID={480cf695-2d8d-4256-9c7c-cce4184fa048} aComponent={SessionMachine} aText={No storage device attached to device slot 1 on port 1 of controller 'IDEController'}, preserve=false
00:00:00.417481 nspr-2   ERROR [COM]: aRC=VBOX_E_OBJECT_NOT_FOUND (0x80bb0001) aIID={480cf695-2d8d-4256-9c7c-cce4184fa048} aComponent={SessionMachine} aText={No storage device attached to device slot 1 on port 1 of controller 'IDEController'}, preserve=false
00:00:00.422939 nspr-3   WARNING [COM]: aRC=NS_ERROR_FAILURE (0x80004005) aIID={93269330-48ca-4096-b4a2-1189df336267} aComponent={Host} aText={VirtualBox is not currently allowed to access USB devices.  You can change this by adding your user to the 'vboxusers' group.  Please see the user manual for a more detailed explanation}, preserve=true 
00:00:00.423121 nspr-3   WARNING [COM]: aRC=NS_ERROR_FAILURE (0x80004005) aIID={93269330-48ca-4096-b4a2-1189df336267} aComponent={Host} aText={VirtualBox is not currently allowed to access USB devices.  You can change this by adding your user to the 'vboxusers' group.  Please see the user manual for a more detailed explanation}, preserve=true 
00:00:00.457464 nspr-3   ERROR [COM]: aRC=VBOX_E_OBJECT_NOT_FOUND (0x80bb0001) aIID={480cf695-2d8d-4256-9c7c-cce4184fa048} aComponent={SessionMachine} aText={No storage device attached to device slot 1 on port 1 of controller 'IDEController'}, preserve=false
00:00:00.457651 nspr-2   ERROR [COM]: aRC=VBOX_E_OBJECT_NOT_FOUND (0x80bb0001) aIID={480cf695-2d8d-4256-9c7c-cce4184fa048} aComponent={SessionMachine} aText={No storage device attached to device slot 1 on port 1 of controller 'IDEController'}, preserve=false
00:00:00.463240 nspr-3   WARNING [COM]: aRC=NS_ERROR_FAILURE (0x80004005) aIID={93269330-48ca-4096-b4a2-1189df336267} aComponent={Host} aText={VirtualBox is not currently allowed to access USB devices.  You can change this by adding your user to the 'vboxusers' group.  Please see the user manual for a more detailed explanation}, preserve=true 
00:00:00.463415 nspr-3   WARNING [COM]: aRC=NS_ERROR_FAILURE (0x80004005) aIID={93269330-48ca-4096-b4a2-1189df336267} aComponent={Host} aText={VirtualBox is not currently allowed to access USB devices.  You can change this by adding your user to the 'vboxusers' group.  Please see the user manual for a more detailed explanation}, preserve=true 
00:00:02.468634 nspr-2   NetIfAdpCtlOut: VBoxNetAdpCtl: Error while retrieving link status for vboxnet0: VBoxNetAdpCtl: ioctl failed: Operation not supported
00:00:02.569422 nspr-3   ERROR [COM]: aRC=VBOX_E_OBJECT_NOT_FOUND (0x80bb0001) aIID={480cf695-2d8d-4256-9c7c-cce4184fa048} aComponent={SessionMachine} aText={No storage device attached to device slot 1 on port 1 of controller 'IDEController'}, preserve=false
00:00:02.569623 nspr-2   ERROR [COM]: aRC=VBOX_E_OBJECT_NOT_FOUND (0x80bb0001) aIID={480cf695-2d8d-4256-9c7c-cce4184fa048} aComponent={SessionMachine} aText={No storage device attached to device slot 1 on port 1 of controller 'IDEController'}, preserve=false
00:00:02.575040 nspr-3   WARNING [COM]: aRC=NS_ERROR_FAILURE (0x80004005) aIID={93269330-48ca-4096-b4a2-1189df336267} aComponent={Host} aText={VirtualBox is not currently allowed to access USB devices.  You can change this by adding your user to the 'vboxusers' group.  Please see the user manual for a more detailed explanation}, preserve=true 
00:00:02.575290 nspr-3   WARNING [COM]: aRC=NS_ERROR_FAILURE (0x80004005) aIID={93269330-48ca-4096-b4a2-1189df336267} aComponent={Host} aText={VirtualBox is not currently allowed to access USB devices.  You can change this by adding your user to the 'vboxusers' group.  Please see the user manual for a more detailed explanation}, preserve=true 
00:00:02.649323 nspr-3   ERROR [COM]: aRC=VBOX_E_OBJECT_NOT_FOUND (0x80bb0001) aIID={480cf695-2d8d-4256-9c7c-cce4184fa048} aComponent={SessionMachine} aText={No storage device attached to device slot 1 on port 1 of controller 'IDEController'}, preserve=false
00:00:02.649517 nspr-2   ERROR [COM]: aRC=VBOX_E_OBJECT_NOT_FOUND (0x80bb0001) aIID={480cf695-2d8d-4256-9c7c-cce4184fa048} aComponent={SessionMachine} aText={No storage device attached to device slot 1 on port 1 of controller 'IDEController'}, preserve=false
00:00:02.655187 nspr-3   WARNING [COM]: aRC=NS_ERROR_FAILURE (0x80004005) aIID={93269330-48ca-4096-b4a2-1189df336267} aComponent={Host} aText={VirtualBox is not currently allowed to access USB devices.  You can change this by adding your user to the 'vboxusers' group.  Please see the user manual for a more detailed explanation}, preserve=true 
00:00:02.655367 nspr-3   WARNING [COM]: aRC=NS_ERROR_FAILURE (0x80004005) aIID={93269330-48ca-4096-b4a2-1189df336267} aComponent={Host} aText={VirtualBox is not currently allowed to access USB devices.  You can change this by adding your user to the 'vboxusers' group.  Please see the user manual for a more detailed explanation}, preserve=true 
00:00:02.703282 nspr-3   ERROR [COM]: aRC=VBOX_E_OBJECT_NOT_FOUND (0x80bb0001) aIID={480cf695-2d8d-4256-9c7c-cce4184fa048} aComponent={SessionMachine} aText={No storage device attached to device slot 1 on port 1 of controller 'IDEController'}, preserve=false
00:00:02.703463 nspr-2   ERROR [COM]: aRC=VBOX_E_OBJECT_NOT_FOUND (0x80bb0001) aIID={480cf695-2d8d-4256-9c7c-cce4184fa048} aComponent={SessionMachine} aText={No storage device attached to device slot 1 on port 1 of controller 'IDEController'}, preserve=false
00:00:02.708919 nspr-3   WARNING [COM]: aRC=NS_ERROR_FAILURE (0x80004005) aIID={93269330-48ca-4096-b4a2-1189df336267} aComponent={Host} aText={VirtualBox is not currently allowed to access USB devices.  You can change this by adding your user to the 'vboxusers' group.  Please see the user manual for a more detailed explanation}, preserve=true 
00:00:02.709103 nspr-3   WARNING [COM]: aRC=NS_ERROR_FAILURE (0x80004005) aIID={93269330-48ca-4096-b4a2-1189df336267} aComponent={Host} aText={VirtualBox is not currently allowed to access USB devices.  You can change this by adding your user to the 'vboxusers' group.  Please see the user manual for a more detailed explanation}, preserve=true 
00:00:02.756398 nspr-3   ERROR [COM]: aRC=VBOX_E_OBJECT_NOT_FOUND (0x80bb0001) aIID={480cf695-2d8d-4256-9c7c-cce4184fa048} aComponent={SessionMachine} aText={No storage device attached to device slot 1 on port 1 of controller 'IDEController'}, preserve=false
00:00:02.756574 nspr-2   ERROR [COM]: aRC=VBOX_E_OBJECT_NOT_FOUND (0x80bb0001) aIID={480cf695-2d8d-4256-9c7c-cce4184fa048} aComponent={SessionMachine} aText={No storage device attached to device slot 1 on port 1 of controller 'IDEController'}, preserve=false
00:00:02.761811 nspr-3   WARNING [COM]: aRC=NS_ERROR_FAILURE (0x80004005) aIID={93269330-48ca-4096-b4a2-1189df336267} aComponent={Host} aText={VirtualBox is not currently allowed to access USB devices.  You can change this by adding your user to the 'vboxusers' group.  Please see the user manual for a more detailed explanation}, preserve=true 
00:00:02.761987 nspr-3   WARNING [COM]: aRC=NS_ERROR_FAILURE (0x80004005) aIID={93269330-48ca-4096-b4a2-1189df336267} aComponent={Host} aText={VirtualBox is not currently allowed to access USB devices.  You can change this by adding your user to the 'vboxusers' group.  Please see the user manual for a more detailed explanation}, preserve=true 
00:00:03.365302 nspr-2   ERROR [COM]: aRC=VBOX_E_OBJECT_NOT_FOUND (0x80bb0001) aIID={480cf695-2d8d-4256-9c7c-cce4184fa048} aComponent={SessionMachine} aText={No storage device attached to device slot 1 on port 1 of controller 'IDEController'}, preserve=false
00:00:03.365481 nspr-3   ERROR [COM]: aRC=VBOX_E_OBJECT_NOT_FOUND (0x80bb0001) aIID={480cf695-2d8d-4256-9c7c-cce4184fa048} aComponent={SessionMachine} aText={No storage device attached to device slot 1 on port 1 of controller 'IDEController'}, preserve=false
00:00:03.370983 nspr-2   WARNING [COM]: aRC=NS_ERROR_FAILURE (0x80004005) aIID={93269330-48ca-4096-b4a2-1189df336267} aComponent={Host} aText={VirtualBox is not currently allowed to access USB devices.  You can change this by adding your user to the 'vboxusers' group.  Please see the user manual for a more detailed explanation}, preserve=true 
00:00:03.371159 nspr-2   WARNING [COM]: aRC=NS_ERROR_FAILURE (0x80004005) aIID={93269330-48ca-4096-b4a2-1189df336267} aComponent={Host} aText={VirtualBox is not currently allowed to access USB devices.  You can change this by adding your user to the 'vboxusers' group.  Please see the user manual for a more detailed explanation}, preserve=true 
00:00:03.553443 nspr-4   Failed to open "/dev/vboxdrvu", errno=13, rc=VERR_VM_DRIVER_NOT_ACCESSIBLE
00:00:03.568660 nspr-4   NetIfAdpCtlOut: VBoxNetAdpCtl: Error while retrieving link status for vboxnet0: VBoxNetAdpCtl: ioctl failed: Operation not supported
00:00:03.579998 nspr-2   WARNING [COM]: aRC=NS_ERROR_FAILURE (0x80004005) aIID={93269330-48ca-4096-b4a2-1189df336267} aComponent={Host} aText={VirtualBox is not currently allowed to access USB devices.  You can change this by adding your user to the 'vboxusers' group.  Please see the user manual for a more detailed explanation}, preserve=true 
00:00:04.009072 nspr-4   ERROR [COM]: aRC=VBOX_E_OBJECT_NOT_FOUND (0x80bb0001) aIID={480cf695-2d8d-4256-9c7c-cce4184fa048} aComponent={SessionMachine} aText={No storage device attached to device slot 1 on port 1 of controller 'IDEController'}, preserve=false
00:00:04.009268 nspr-4   ERROR [COM]: aRC=VBOX_E_OBJECT_NOT_FOUND (0x80bb0001) aIID={480cf695-2d8d-4256-9c7c-cce4184fa048} aComponent={SessionMachine} aText={No storage device attached to device slot 1 on port 1 of controller 'IDEController'}, preserve=false
00:00:04.015171 nspr-3   WARNING [COM]: aRC=NS_ERROR_FAILURE (0x80004005) aIID={93269330-48ca-4096-b4a2-1189df336267} aComponent={Host} aText={VirtualBox is not currently allowed to access USB devices.  You can change this by adding your user to the 'vboxusers' group.  Please see the user manual for a more detailed explanation}, preserve=true 
00:00:04.015349 nspr-2   WARNING [COM]: aRC=NS_ERROR_FAILURE (0x80004005) aIID={93269330-48ca-4096-b4a2-1189df336267} aComponent={Host} aText={VirtualBox is not currently allowed to access USB devices.  You can change this by adding your user to the 'vboxusers' group.  Please see the user manual for a more detailed explanation}, preserve=true 
00:00:09.717296 nspr-4   ERROR [COM]: aRC=VBOX_E_OBJECT_NOT_FOUND (0x80bb0001) aIID={480cf695-2d8d-4256-9c7c-cce4184fa048} aComponent={SessionMachine} aText={No storage device attached to device slot 1 on port 1 of controller 'IDEController'}, preserve=false
00:00:09.717559 nspr-4   ERROR [COM]: aRC=VBOX_E_OBJECT_NOT_FOUND (0x80bb0001) aIID={480cf695-2d8d-4256-9c7c-cce4184fa048} aComponent={SessionMachine} aText={No storage device attached to device slot 1 on port 1 of controller 'IDEController'}, preserve=false
00:00:09.728502 nspr-2   WARNING [COM]: aRC=NS_ERROR_FAILURE (0x80004005) aIID={93269330-48ca-4096-b4a2-1189df336267} aComponent={Host} aText={VirtualBox is not currently allowed to access USB devices.  You can change this by adding your user to the 'vboxusers' group.  Please see the user manual for a more detailed explanation}, preserve=true 
00:00:09.728737 nspr-4   WARNING [COM]: aRC=NS_ERROR_FAILURE (0x80004005) aIID={93269330-48ca-4096-b4a2-1189df336267} aComponent={Host} aText={VirtualBox is not currently allowed to access USB devices.  You can change this by adding your user to the 'vboxusers' group.  Please see the user manual for a more detailed explanation}, preserve=true 
00:33:01.871068 nspr-2   ERROR [COM]: aRC=VBOX_E_OBJECT_NOT_FOUND (0x80bb0001) aIID={480cf695-2d8d-4256-9c7c-cce4184fa048} aComponent={SessionMachine} aText={No storage device attached to device slot 1 on port 1 of controller 'IDEController'}, preserve=false
00:33:01.871407 nspr-2   ERROR [COM]: aRC=VBOX_E_OBJECT_NOT_FOUND (0x80bb0001) aIID={480cf695-2d8d-4256-9c7c-cce4184fa048} aComponent={SessionMachine} aText={No storage device attached to device slot 1 on port 1 of controller 'IDEController'}, preserve=false
00:33:01.878078 nspr-2   WARNING [COM]: aRC=NS_ERROR_FAILURE (0x80004005) aIID={93269330-48ca-4096-b4a2-1189df336267} aComponent={Host} aText={VirtualBox is not currently allowed to access USB devices.  You can change this by adding your user to the 'vboxusers' group.  Please see the user manual for a more detailed explanation}, preserve=true 
00:33:01.878262 nspr-3   WARNING [COM]: aRC=NS_ERROR_FAILURE (0x80004005) aIID={93269330-48ca-4096-b4a2-1189df336267} aComponent={Host} aText={VirtualBox is not currently allowed to access USB devices.  You can change this by adding your user to the 'vboxusers' group.  Please see the user manual for a more detailed explanation}, preserve=true 
00:33:07.267427 main     ERROR [COM]: aRC=VBOX_E_OBJECT_IN_USE (0x80bb000c) aIID={05f2bbb6-a3a6-4fb9-9b49-6d0dda7142ac} aComponent={Medium} aText={Medium '/home/maple/.Genymobile/Genymotion/deployed/Google Nexus 4 - 5.0.0 - API 21 - 768x1280/Snapshots/{e03bb037-f694-415b-9577-7827f7257c31}.vmdk' cannot be closed because it is still attached to 1 virtual machines}, preserve=false
00:33:07.267593 main     ERROR [COM]: aRC=VBOX_E_OBJECT_IN_USE (0x80bb000c) aIID={05f2bbb6-a3a6-4fb9-9b49-6d0dda7142ac} aComponent={Medium} aText={Medium '/home/maple/.Genymobile/Genymotion/deployed/Google Nexus 4 - 5.0.0 - API 21 - 768x1280/android_system_disk.vmdk' cannot be closed because it is still attached to 1 virtual machines}, preserve=false
00:33:07.269289 main     ERROR [COM]: aRC=VBOX_E_OBJECT_IN_USE (0x80bb000c) aIID={05f2bbb6-a3a6-4fb9-9b49-6d0dda7142ac} aComponent={Medium} aText={Medium '/home/maple/.Genymobile/Genymotion/deployed/Google Nexus 4 - 5.0.0 - API 21 - 768x1280/Snapshots/{cb7093a3-635d-48d2-83ee-8b833d01ad9f}.vmdk' cannot be closed because it is still attached to 1 virtual machines}, preserve=false
00:33:07.269336 main     ERROR [COM]: aRC=VBOX_E_OBJECT_IN_USE (0x80bb000c) aIID={05f2bbb6-a3a6-4fb9-9b49-6d0dda7142ac} aComponent={Medium} aText={Medium '/home/maple/.Genymobile/Genymotion/deployed/Google Nexus 4 - 5.0.0 - API 21 - 768x1280/android_data_disk.vmdk' cannot be closed because it is still attached to 1 virtual machines}, preserve=false
00:33:07.269463 main     ERROR [COM]: aRC=VBOX_E_OBJECT_IN_USE (0x80bb000c) aIID={05f2bbb6-a3a6-4fb9-9b49-6d0dda7142ac} aComponent={Medium} aText={Medium '/home/maple/.Genymobile/Genymotion/deployed/Google Nexus 4 - 5.0.0 - API 21 - 768x1280/Snapshots/{ecb14a3b-b356-4a34-9c4b-3d5a27d35241}.vdi' cannot be closed because it is still attached to 1 virtual machines}, preserve=false
00:33:07.269499 main     ERROR [COM]: aRC=VBOX_E_OBJECT_IN_USE (0x80bb000c) aIID={05f2bbb6-a3a6-4fb9-9b49-6d0dda7142ac} aComponent={Medium} aText={Medium '/home/maple/.Genymobile/Genymotion/deployed/Google Nexus 4 - 5.0.0 - API 21 - 768x1280/sdcard.vdi' cannot be closed because it is still attached to 1 virtual machines}, preserve=false
00:33:07.269858 main     ERROR [COM]: aRC=VBOX_E_OBJECT_IN_USE (0x80bb000c) aIID={05f2bbb6-a3a6-4fb9-9b49-6d0dda7142ac} aComponent={Medium} aText={Medium '/home/maple/.Genymobile/Genymotion/deployed/Google Nexus 4 - 4.3 - API 18 - 768x1280/Snapshots/{2c3d8327-6683-4fc7-93ac-0dac77bb1526}.vmdk' cannot be closed because it is still attached to 1 virtual machines}, preserve=false
00:33:07.269897 main     ERROR [COM]: aRC=VBOX_E_OBJECT_IN_USE (0x80bb000c) aIID={05f2bbb6-a3a6-4fb9-9b49-6d0dda7142ac} aComponent={Medium} aText={Medium '/home/maple/.Genymobile/Genymotion/deployed/Google Nexus 4 - 4.3 - API 18 - 768x1280/android_system_disk.vmdk' cannot be closed because it is still attached to 1 virtual machines}, preserve=false
00:33:07.269927 main     ERROR [COM]: aRC=VBOX_E_OBJECT_IN_USE (0x80bb000c) aIID={05f2bbb6-a3a6-4fb9-9b49-6d0dda7142ac} aComponent={Medium} aText={Medium '/home/maple/.Genymobile/Genymotion/deployed/Google Nexus 4 - 4.3 - API 18 - 768x1280/Snapshots/{ab43ac7f-0048-457a-8fa3-5dfa972f7253}.vmdk' cannot be closed because it is still attached to 1 virtual machines}, preserve=false
00:33:07.270005 main     ERROR [COM]: aRC=VBOX_E_OBJECT_IN_USE (0x80bb000c) aIID={05f2bbb6-a3a6-4fb9-9b49-6d0dda7142ac} aComponent={Medium} aText={Medium '/home/maple/.Genymobile/Genymotion/deployed/Google Nexus 4 - 4.3 - API 18 - 768x1280/android_data_disk.vmdk' cannot be closed because it is still attached to 1 virtual machines}, preserve=false
00:33:07.270078 main     ERROR [COM]: aRC=VBOX_E_OBJECT_IN_USE (0x80bb000c) aIID={05f2bbb6-a3a6-4fb9-9b49-6d0dda7142ac} aComponent={Medium} aText={Medium '/home/maple/.Genymobile/Genymotion/deployed/Google Nexus 4 - 4.3 - API 18 - 768x1280/Snapshots/{59f36e93-4594-4ebb-b857-884136c75442}.vdi' cannot be closed because it is still attached to 1 virtual machines}, preserve=false
00:33:07.270105 main     ERROR [COM]: aRC=VBOX_E_OBJECT_IN_USE (0x80bb000c) aIID={05f2bbb6-a3a6-4fb9-9b49-6d0dda7142ac} aComponent={Medium} aText={Medium '/home/maple/.Genymobile/Genymotion/deployed/Google Nexus 4 - 4.3 - API 18 - 768x1280/sdcard.vdi' cannot be closed because it is still attached to 1 virtual machines}, preserve=false
00:33:07.284973 Watcher  ERROR [COM]: aRC=E_ACCESSDENIED (0x80070005) aIID={fafa4e17-1ee2-4905-a10e-fe7c18bf5554} aComponent={VirtualBox} aText={The object is not ready}, preserve=false
